<?xml version="1.0" encoding="UTF-8"?>
<!-- Generated by org.testng.reporters.JUnitXMLReporter -->
<testsuite ignored="0" hostname="DESKTOP-E4DR9M1" failures="1" tests="1" name="FunctionalTest" time="39.065" errors="0" timestamp="2024-11-03T10:03:39 IST">
  <testcase classname="org.book.pro.Flipkartcheck2windo" name="sd" time="38.745">
    <failure type="java.lang.AssertionError" message="expected [true] but found [false]">
      <![CDATA[java.lang.AssertionError: expected [true] but found [false]
at org.book.pro.Flipkartcheck2windo.sd(Flipkartcheck2windo.java:20)
at java.base/java.util.ArrayList.forEach(ArrayList.java:1597)
... Removed 29 stack frames]]>
    </failure>
  </testcase> <!-- sd -->
</testsuite> <!-- FunctionalTest -->
