<?xml version="1.0" encoding="UTF-8"?>
<!-- Generated by org.testng.reporters.JUnitXMLReporter -->
<testsuite ignored="0" hostname="DESKTOP-E4DR9M1" failures="1" tests="1" name="FunctionalTest" time="0.106" errors="0" timestamp="2024-12-06T09:33:08 IST">
  <testcase classname="org.book.pro.Flipkartcheck2windo" name="sd" time="0.0">
    <failure type="org.testng.TestNGException" message="
Parameter &amp;apos;username&amp;apos; is required by @Test on method sd but has not been marked @Optional or defined
in C:\Users\surya\eclipse-workspace\Project FlipKart\testng.xml">
      <![CDATA[org.testng.TestNGException: 
Parameter 'username' is required by @Test on method sd but has not been marked @Optional or defined
in C:\Users\surya\eclipse-workspace\Project FlipKart\testng.xml
at java.base/java.util.ArrayList.forEach(ArrayList.java:1597)
... Removed 26 stack frames]]>
    </failure>
  </testcase> <!-- sd -->
</testsuite> <!-- FunctionalTest -->
