<?xml version="1.0" encoding="UTF-8"?>
<!-- Generated by org.testng.reporters.JUnitReportReporter -->
<testsuite hostname="DESKTOP-E4DR9M1" failures="0" tests="3" name="org.book.pro.TestOne" time="0.020" errors="0" timestamp="2024-10-27T14:52:58 IST" skipped="0">
  <testcase classname="org.book.pro.TestOne" name="hello_1" time="0.014"/>
  <testcase classname="org.book.pro.TestOne" name="hello" time="0.002"/>
  <testcase classname="org.book.pro.TestOne" name="hello1" time="0.004"/>
</testsuite> <!-- org.book.pro.TestOne -->
